{"total": {"lines":{"total":741,"covered":730,"skipped":0,"pct":98.51},"statements":{"total":741,"covered":730,"skipped":0,"pct":98.51},"functions":{"total":16,"covered":14,"skipped":0,"pct":87.5},"branches":{"total":71,"covered":62,"skipped":0,"pct":87.32},"branchesTrue":{"total":0,"covered":0,"skipped":0,"pct":100}}
,"E:\\ground control\\frontend\\src\\components\\fan\\ChatWindow.tsx": {"lines":{"total":194,"covered":193,"skipped":0,"pct":99.48},"functions":{"total":4,"covered":3,"skipped":0,"pct":75},"statements":{"total":194,"covered":193,"skipped":0,"pct":99.48},"branches":{"total":28,"covered":25,"skipped":0,"pct":89.28}}
,"E:\\ground control\\frontend\\src\\components\\fan\\TransportPanel.tsx": {"lines":{"total":87,"covered":87,"skipped":0,"pct":100},"functions":{"total":1,"covered":1,"skipped":0,"pct":100},"statements":{"total":87,"covered":87,"skipped":0,"pct":100},"branches":{"total":9,"covered":9,"skipped":0,"pct":100}}
,"E:\\ground control\\frontend\\src\\components\\fan\\VenueMap.tsx": {"lines":{"total":158,"covered":157,"skipped":0,"pct":99.36},"functions":{"total":3,"covered":3,"skipped":0,"pct":100},"statements":{"total":158,"covered":157,"skipped":0,"pct":99.36},"branches":{"total":14,"covered":12,"skipped":0,"pct":85.71}}
,"E:\\ground control\\frontend\\src\\pages\\Login.tsx": {"lines":{"total":302,"covered":293,"skipped":0,"pct":97.01},"functions":{"total":8,"covered":7,"skipped":0,"pct":87.5},"statements":{"total":302,"covered":293,"skipped":0,"pct":97.01},"branches":{"total":20,"covered":16,"skipped":0,"pct":80}}
}
